<?xml version="1.0" encoding="UTF-8"?>
<testsuite name="PrimeCalculatorTest" tests="5" skipped="0" failures="0" errors="0" timestamp="2019-07-06T08:58:30" hostname="DESKTOP-1RDJG8R" time="0.018">
  <properties/>
  <testcase name="testUndefinedPrime" classname="PrimeCalculatorTest" time="0.004"/>
  <testcase name="testSixthPrime" classname="PrimeCalculatorTest" time="0.001"/>
  <testcase name="testFirstPrime" classname="PrimeCalculatorTest" time="0.0"/>
  <testcase name="testSecondPrime" classname="PrimeCalculatorTest" time="0.0"/>
  <testcase name="testBigPrime" classname="PrimeCalculatorTest" time="0.012"/>
  <system-out><![CDATA[]]></system-out>
  <system-err><![CDATA[]]></system-err>
</testsuite>
