<?xml version="1.0" encoding="UTF-8"?>
<testsuite name="NaturalNumberTest" tests="13" skipped="0" failures="0" errors="0" timestamp="2019-07-05T17:21:53" hostname="DESKTOP-1RDJG8R" time="0.599">
  <properties/>
  <testcase name="testThatNonNegativeIntegerIsRejected" classname="NaturalNumberTest" time="0.016"/>
  <testcase name="testSmallAbundantNumberIsClassifiedCorrectly" classname="NaturalNumberTest" time="0.001"/>
  <testcase name="testMediumAbundantNumberIsClassifiedCorrectly" classname="NaturalNumberTest" time="0.001"/>
  <testcase name="testLargeAbundantNumberIsClassifiedCorrectly" classname="NaturalNumberTest" time="0.194"/>
  <testcase name="testSmallestPrimeDeficientNumberIsClassifiedCorrectly" classname="NaturalNumberTest" time="0.0"/>
  <testcase name="testSmallestNonPrimeDeficientNumberIsClassifiedCorrectly" classname="NaturalNumberTest" time="0.0"/>
  <testcase name="testThatOneIsCorrectlyClassifiedAsDeficient" classname="NaturalNumberTest" time="0.0"/>
  <testcase name="testSmallPerfectNumberIsClassifiedCorrectly" classname="NaturalNumberTest" time="0.0"/>
  <testcase name="testThatNegativeIntegerIsRejected" classname="NaturalNumberTest" time="0.0"/>
  <testcase name="testLargePerfectNumberIsClassifiedCorrectly" classname="NaturalNumberTest" time="0.191"/>
  <testcase name="testLargeDeficientNumberIsClassifiedCorrectly" classname="NaturalNumberTest" time="0.192"/>
  <testcase name="testMediumDeficientNumberIsClassifiedCorrectly" classname="NaturalNumberTest" time="0.0"/>
  <testcase name="testMediumPerfectNumberIsClassifiedCorrectly" classname="NaturalNumberTest" time="0.0"/>
  <system-out><![CDATA[]]></system-out>
  <system-err><![CDATA[]]></system-err>
</testsuite>
